2025-06-18 10:23:58,289 - utils - INFO - Starting patent-stock company matching process
2025-06-18 10:23:58,289 - utils - INFO - Loading data...
2025-06-18 10:24:09,224 - data_loader - INFO - Loaded 96676 stock entries
2025-06-18 10:24:10,202 - data_loader - INFO - Loaded 556194 patent applicants
2025-06-18 10:24:10,202 - utils - INFO - Sampled data: 5000 stock entries, 1000 patent applicants
2025-06-18 10:24:10,203 - utils - INFO - Cleaning company names...
2025-06-18 10:24:26,361 - name_cleaner - INFO - cleaning of stock company names completed
2025-06-18 10:24:29,673 - name_cleaner - INFO - cleaning of patent applicant names completed
2025-06-18 10:24:29,689 - utils - INFO - Matching with sector awareness...
2025-06-18 10:24:29,689 - matcher - INFO - Finding  matches with sector awareness and confidence intervals...
2025-06-18 10:24:29,689 - utils - ERROR - Error in main process: CompanyMatcher.find_matches() got an unexpected keyword argument 'match_type'
2025-06-18 10:32:22,939 - utils - INFO - Starting patent-stock company matching process
2025-06-18 10:32:22,940 - utils - INFO - Loading data...
2025-06-18 10:32:43,973 - data_loader - INFO - Loaded 96676 stock entries
2025-06-18 10:32:45,079 - data_loader - INFO - Loaded 556194 patent applicants
2025-06-18 10:32:45,079 - utils - INFO - Sampled data: 5000 stock entries, 1000 patent applicants
2025-06-18 10:32:45,079 - utils - INFO - Cleaning company names...
2025-06-18 10:33:09,024 - name_cleaner - INFO - cleaning of stock company names completed
2025-06-18 10:33:14,614 - name_cleaner - INFO - cleaning of patent applicant names completed
2025-06-18 10:33:14,631 - utils - INFO - Matching with sector awareness...
2025-06-18 10:33:14,635 - utils - ERROR - Error in main process: 'CompanyMatcher' object has no attribute 'calculate_similarity'
2025-06-18 10:34:52,278 - utils - INFO - Starting patent-stock company matching process
2025-06-18 10:34:52,278 - utils - INFO - Loading data...
2025-06-18 10:35:04,725 - data_loader - INFO - Loaded 96676 stock entries
2025-06-18 10:35:05,614 - data_loader - INFO - Loaded 556194 patent applicants
2025-06-18 10:35:05,614 - utils - INFO - Sampled data: 5000 stock entries, 1000 patent applicants
2025-06-18 10:35:05,614 - utils - INFO - Cleaning company names...
2025-06-18 10:35:22,996 - name_cleaner - INFO - cleaning of stock company names completed
2025-06-18 10:35:26,728 - name_cleaner - INFO - cleaning of patent applicant names completed
2025-06-18 10:35:26,750 - utils - INFO - Matching with sector awareness...
2025-06-18 10:35:53,311 - matcher - INFO -  matching progress: 50/1000 (5.0%)
2025-06-18 10:36:28,278 - matcher - INFO -  matching progress: 100/1000 (10.0%)
2025-06-18 10:37:10,964 - matcher - INFO -  matching progress: 150/1000 (15.0%)
2025-06-18 10:37:42,760 - matcher - INFO -  matching progress: 200/1000 (20.0%)
2025-06-18 10:38:22,092 - matcher - INFO -  matching progress: 250/1000 (25.0%)
2025-06-18 10:39:04,621 - matcher - INFO -  matching progress: 300/1000 (30.0%)
2025-06-18 10:39:46,857 - matcher - INFO -  matching progress: 350/1000 (35.0%)
2025-06-18 10:40:23,822 - matcher - INFO -  matching progress: 400/1000 (40.0%)
2025-06-18 10:41:00,408 - matcher - INFO -  matching progress: 450/1000 (45.0%)
2025-06-18 10:41:31,981 - matcher - INFO -  matching progress: 500/1000 (50.0%)
2025-06-18 10:42:06,524 - matcher - INFO -  matching progress: 550/1000 (55.0%)
2025-06-18 10:42:50,907 - matcher - INFO -  matching progress: 600/1000 (60.0%)
2025-06-18 10:43:43,071 - matcher - INFO -  matching progress: 650/1000 (65.0%)
2025-06-18 10:44:34,906 - matcher - INFO -  matching progress: 700/1000 (70.0%)
2025-06-18 10:45:10,980 - matcher - INFO -  matching progress: 750/1000 (75.0%)
2025-06-18 10:45:48,653 - matcher - INFO -  matching progress: 800/1000 (80.0%)
2025-06-18 10:46:28,131 - matcher - INFO -  matching progress: 850/1000 (85.0%)
2025-06-18 10:47:05,251 - matcher - INFO -  matching progress: 900/1000 (90.0%)
2025-06-18 10:47:39,637 - matcher - INFO -  matching progress: 950/1000 (95.0%)
2025-06-18 10:48:15,983 - matcher - INFO -  matching progress: 1000/1000 (100.0%)
2025-06-18 10:48:16,944 - utils - INFO - Found 226 matches. Saving detailed results...
2025-06-18 10:48:16,978 - utils - INFO - Process completed successfully
2025-06-18 10:51:29,831 - utils - INFO - Starting patent-stock company matching process
2025-06-18 10:51:29,832 - utils - INFO - Loading data...
2025-06-18 10:51:44,457 - data_loader - INFO - Loaded 96676 stock entries
2025-06-18 10:51:45,948 - data_loader - INFO - Loaded 556194 patent applicants
2025-06-18 10:51:45,950 - utils - INFO - Cleaning company names...
2025-06-18 10:59:05,482 - name_cleaner - INFO - cleaning of stock company names completed
2025-06-18 14:22:41,041 - utils - INFO - Starting patent-stock company matching process
2025-06-18 14:22:41,043 - utils - INFO - Loading data...
2025-06-18 14:23:11,491 - data_loader - INFO - Loaded 96676 stock entries
2025-06-18 14:23:14,130 - data_loader - INFO - Loaded 556194 patent applicants
2025-06-18 14:23:14,131 - utils - INFO - Sampled data: 5000 stock entries, 1000 patent applicants
2025-06-18 14:23:14,131 - utils - INFO - Cleaning company names...
2025-06-18 14:23:52,411 - name_cleaner - INFO - cleaning of stock company names completed
2025-06-18 14:24:00,455 - name_cleaner - INFO - cleaning of patent applicant names completed
2025-06-18 14:24:00,490 - utils - INFO - Matching with sector awareness...
2025-06-18 14:24:52,983 - matcher - INFO -  matching progress: 50/1000 (5.0%)
2025-06-18 14:25:34,714 - matcher - INFO -  matching progress: 100/1000 (10.0%)
2025-06-18 14:26:22,819 - matcher - INFO -  matching progress: 150/1000 (15.0%)
2025-06-18 14:27:26,993 - matcher - INFO -  matching progress: 200/1000 (20.0%)
2025-06-18 14:28:33,975 - matcher - INFO -  matching progress: 250/1000 (25.0%)
2025-06-18 14:30:12,219 - matcher - INFO -  matching progress: 300/1000 (30.0%)
2025-06-18 14:31:27,887 - matcher - INFO -  matching progress: 350/1000 (35.0%)
2025-06-18 14:32:53,052 - matcher - INFO -  matching progress: 400/1000 (40.0%)
2025-06-18 14:33:58,135 - matcher - INFO -  matching progress: 450/1000 (45.0%)
2025-06-18 14:43:52,631 - utils - INFO - Starting patent-stock company matching process
2025-06-18 14:43:52,633 - utils - INFO - Loading data...
2025-06-18 14:44:15,138 - data_loader - INFO - Loaded 96676 stock entries
2025-06-18 14:44:17,250 - data_loader - INFO - Loaded 556194 patent applicants
2025-06-18 14:44:17,251 - utils - INFO - Data loading completed in 24.62 seconds
2025-06-18 14:44:17,251 - utils - INFO - Cleaning company names...
2025-06-18 14:44:17,295 - name_cleaner - INFO - Cleaning company names...
2025-06-18 14:51:50,435 - utils - INFO - Starting patent-stock company matching process
2025-06-18 14:51:50,437 - utils - INFO - Loading data...
2025-06-18 14:52:31,181 - data_loader - INFO - Loaded 96676 stock entries
2025-06-18 14:52:35,169 - data_loader - INFO - Loaded 556194 patent applicants
2025-06-18 14:52:35,173 - utils - INFO - Data loading completed in 44.73 seconds
2025-06-18 14:52:35,174 - utils - INFO - Cleaning company names...
2025-06-18 14:52:35,264 - name_cleaner - INFO - Cleaning company names...
2025-06-18 14:54:04,912 - utils - INFO - Starting patent-stock company matching process
2025-06-18 14:54:04,914 - utils - INFO - Loading data...
2025-06-18 14:54:37,225 - data_loader - INFO - Loaded 96676 stock entries
2025-06-18 14:54:39,626 - data_loader - INFO - Loaded 556194 patent applicants
2025-06-18 14:54:39,626 - utils - INFO - Data loading completed in 34.71 seconds
2025-06-18 14:54:39,627 - utils - INFO - Sampled data: 96676 stock entries, 1000 patent applicants
2025-06-18 14:54:39,628 - utils - INFO - Cleaning company names...
2025-06-18 14:54:39,749 - name_cleaner - INFO - Cleaning company names...
2025-06-18 15:06:14,281 - utils - INFO - Starting patent-stock company matching process
2025-06-18 15:06:14,288 - utils - INFO - Loading data...
2025-06-18 15:07:36,426 - data_loader - INFO - Loaded 96676 stock entries
2025-06-18 15:07:41,600 - data_loader - INFO - Loaded 556194 patent applicants
2025-06-18 15:07:41,601 - utils - INFO - Data loading completed in 87.31 seconds
2025-06-18 15:07:41,604 - utils - INFO - Sampled data: 5000 stock entries, 1000 patent applicants
2025-06-18 15:07:41,605 - utils - INFO - Cleaning company names...
2025-06-18 15:07:41,686 - name_cleaner - INFO - Cleaning company names...
2025-06-18 15:08:56,329 - name_cleaner - INFO - cleaning of stock company names completed
2025-06-18 15:08:56,340 - name_cleaner - INFO - Cleaning patent applicant names...
2025-06-18 15:09:10,163 - name_cleaner - INFO - cleaning of patent applicant names completed
2025-06-18 15:09:10,214 - utils - INFO - Cleaning completed in 88.61 seconds
2025-06-18 15:09:10,214 - utils - INFO - Matching with sector awareness...
2025-06-18 15:09:10,215 - matcher - INFO - Creating blocking index for faster matching...
2025-06-18 15:09:11,306 - utils - ERROR - Error in main process: index 5002 is out of bounds for axis 0 with size 5000
2025-06-18 15:13:53,484 - utils - INFO - Starting patent-stock company matching process
2025-06-18 15:13:53,489 - utils - INFO - Loading data...
2025-06-18 15:14:55,564 - data_loader - INFO - Loaded 96676 stock entries
2025-06-18 15:15:00,138 - data_loader - INFO - Loaded 556194 patent applicants
2025-06-18 15:15:00,138 - utils - INFO - Data loading completed in 66.65 seconds
2025-06-18 15:15:00,140 - utils - INFO - Sampled data: 5000 stock entries, 1000 patent applicants
2025-06-18 15:15:00,141 - utils - INFO - Cleaning company names...
2025-06-18 15:15:00,241 - name_cleaner - INFO - Cleaning company names...
2025-06-18 15:16:09,279 - name_cleaner - INFO - cleaning of stock company names completed
2025-06-18 15:16:09,288 - name_cleaner - INFO - Cleaning patent applicant names...
2025-06-18 15:16:17,619 - name_cleaner - INFO - cleaning of patent applicant names completed
2025-06-18 15:16:17,647 - utils - INFO - Cleaning completed in 77.51 seconds
2025-06-18 15:16:17,647 - utils - INFO - Matching with sector awareness...
2025-06-18 15:16:17,652 - matcher - INFO - Creating blocking index for faster matching...
2025-06-18 15:16:18,566 - matcher - INFO -  matching progress: 50/1000 (5.0%)
2025-06-18 15:16:19,245 - matcher - INFO -  matching progress: 100/1000 (10.0%)
2025-06-18 15:16:19,710 - matcher - INFO -  matching progress: 150/1000 (15.0%)
2025-06-18 15:16:20,239 - matcher - INFO -  matching progress: 200/1000 (20.0%)
2025-06-18 15:16:20,971 - matcher - INFO -  matching progress: 250/1000 (25.0%)
2025-06-18 15:16:21,610 - matcher - INFO -  matching progress: 300/1000 (30.0%)
2025-06-18 15:16:22,070 - matcher - INFO -  matching progress: 350/1000 (35.0%)
2025-06-18 15:16:22,459 - matcher - INFO -  matching progress: 400/1000 (40.0%)
2025-06-18 15:16:23,018 - matcher - INFO -  matching progress: 450/1000 (45.0%)
2025-06-18 15:16:23,465 - matcher - INFO -  matching progress: 500/1000 (50.0%)
2025-06-18 15:16:23,843 - matcher - INFO -  matching progress: 550/1000 (55.0%)
2025-06-18 15:16:24,411 - matcher - INFO -  matching progress: 600/1000 (60.0%)
2025-06-18 15:16:25,159 - matcher - INFO -  matching progress: 650/1000 (65.0%)
2025-06-18 15:16:25,999 - matcher - INFO -  matching progress: 700/1000 (70.0%)
2025-06-18 15:16:26,812 - matcher - INFO -  matching progress: 750/1000 (75.0%)
2025-06-18 15:16:27,603 - matcher - INFO -  matching progress: 800/1000 (80.0%)
2025-06-18 15:16:28,258 - matcher - INFO -  matching progress: 850/1000 (85.0%)
2025-06-18 15:16:28,892 - matcher - INFO -  matching progress: 900/1000 (90.0%)
2025-06-18 15:16:29,554 - matcher - INFO -  matching progress: 950/1000 (95.0%)
2025-06-18 15:16:30,403 - matcher - INFO -  matching progress: 1000/1000 (100.0%)
2025-06-18 15:16:30,411 - utils - INFO - Matching completed in 12.76 seconds
2025-06-18 15:16:30,411 - utils - INFO - Found 159 matches. Saving detailed results...
2025-06-18 15:16:30,487 - utils - INFO - Process completed successfully
2025-06-18 15:19:21,142 - utils - INFO - Starting patent-stock company matching process
2025-06-18 15:19:21,143 - utils - INFO - Loading data...
2025-06-18 15:19:42,591 - data_loader - INFO - Loaded 96676 stock entries
2025-06-18 15:19:44,392 - data_loader - INFO - Loaded 556194 patent applicants
2025-06-18 15:19:44,392 - utils - INFO - Data loading completed in 23.25 seconds
2025-06-18 15:19:44,392 - utils - INFO - Sampled data: 96676 stock entries, 1000 patent applicants
2025-06-18 15:19:44,393 - utils - INFO - Cleaning company names...
2025-06-18 15:19:44,442 - name_cleaner - INFO - Cleaning company names...
2025-06-18 15:28:33,756 - name_cleaner - INFO - cleaning of stock company names completed
2025-06-18 15:28:33,756 - name_cleaner - INFO - Cleaning patent applicant names...
2025-06-18 15:28:38,904 - name_cleaner - INFO - cleaning of patent applicant names completed
2025-06-18 15:28:38,918 - utils - INFO - Cleaning completed in 534.52 seconds
2025-06-18 15:28:38,933 - utils - INFO - Matching with sector awareness...
2025-06-18 15:28:38,986 - matcher - INFO - Creating blocking index for faster matching...
2025-06-18 15:28:50,196 - matcher - INFO -  matching progress: 50/1000 (5.0%)
2025-06-18 15:28:55,668 - matcher - INFO -  matching progress: 100/1000 (10.0%)
2025-06-18 15:29:00,818 - matcher - INFO -  matching progress: 150/1000 (15.0%)
2025-06-18 15:29:06,952 - matcher - INFO -  matching progress: 200/1000 (20.0%)
2025-06-18 15:29:13,685 - matcher - INFO -  matching progress: 250/1000 (25.0%)
2025-06-18 15:29:21,258 - matcher - INFO -  matching progress: 300/1000 (30.0%)
2025-06-18 15:29:25,801 - matcher - INFO -  matching progress: 350/1000 (35.0%)
2025-06-18 15:29:29,319 - matcher - INFO -  matching progress: 400/1000 (40.0%)
2025-06-18 15:29:32,949 - matcher - INFO -  matching progress: 450/1000 (45.0%)
2025-06-18 15:29:36,958 - matcher - INFO -  matching progress: 500/1000 (50.0%)
2025-06-18 15:29:40,039 - matcher - INFO -  matching progress: 550/1000 (55.0%)
2025-06-18 15:29:44,642 - matcher - INFO -  matching progress: 600/1000 (60.0%)
2025-06-18 15:29:49,885 - matcher - INFO -  matching progress: 650/1000 (65.0%)
2025-06-18 15:29:56,765 - matcher - INFO -  matching progress: 700/1000 (70.0%)
2025-06-18 15:30:03,225 - matcher - INFO -  matching progress: 750/1000 (75.0%)
2025-06-18 15:30:13,972 - matcher - INFO -  matching progress: 800/1000 (80.0%)
2025-06-18 15:30:17,571 - matcher - INFO -  matching progress: 850/1000 (85.0%)
2025-06-18 15:30:21,900 - matcher - INFO -  matching progress: 900/1000 (90.0%)
2025-06-18 15:30:28,940 - matcher - INFO -  matching progress: 950/1000 (95.0%)
2025-06-18 15:30:37,151 - matcher - INFO -  matching progress: 1000/1000 (100.0%)
2025-06-18 15:30:37,304 - utils - INFO - Matching completed in 118.37 seconds
2025-06-18 15:30:37,305 - utils - INFO - Found 443 matches. Saving detailed results...
2025-06-18 15:30:37,443 - utils - INFO - Process completed successfully
2025-06-18 16:36:18,602 - utils - INFO - Starting patent-stock company matching process
2025-06-18 16:36:18,603 - utils - INFO - Loading data...
2025-06-18 16:36:30,969 - data_loader - INFO - Loaded 96676 stock entries
2025-06-18 16:36:32,657 - data_loader - INFO - Loaded 556194 patent applicants
2025-06-18 16:36:32,657 - utils - INFO - Data loading completed in 14.05 seconds
2025-06-18 16:36:32,657 - utils - INFO - Cleaning company names...
2025-06-18 16:36:32,698 - name_cleaner - INFO - Cleaning company names...
2025-06-18 16:42:57,078 - name_cleaner - INFO - cleaning of stock company names completed
2025-06-18 16:42:57,109 - name_cleaner - INFO - Cleaning patent applicant names...
2025-06-18 17:28:00,363 - name_cleaner - INFO - cleaning of patent applicant names completed
2025-06-18 17:28:00,366 - utils - INFO - Cleaning completed in 3087.71 seconds
2025-06-18 17:28:00,366 - utils - INFO - Matching with sector awareness...
2025-06-18 17:28:00,605 - matcher - INFO - Creating blocking index for faster matching...
2025-06-18 17:28:09,887 - matcher - INFO -  matching progress: 50/556194 (0.0%)
2025-06-18 17:28:16,178 - matcher - INFO -  matching progress: 100/556194 (0.0%)
2025-06-18 17:28:26,496 - matcher - INFO -  matching progress: 150/556194 (0.0%)
2025-06-18 17:28:34,440 - matcher - INFO -  matching progress: 200/556194 (0.0%)
2025-06-19 10:03:45,981 - utils - INFO - Starting patent-stock company matching process
2025-06-19 10:03:45,981 - utils - INFO - Loading data...
2025-06-19 10:03:57,720 - data_loader - INFO - Loaded 96676 stock entries
2025-06-19 10:03:58,883 - data_loader - INFO - Loaded 556194 patent applicants
2025-06-19 10:03:58,883 - utils - INFO - Data loading completed in 12.90 seconds
2025-06-19 10:03:58,883 - utils - INFO - Sampled data: 96676 stock entries, 1000 patent applicants
2025-06-19 10:03:58,884 - utils - INFO - Cleaning company names...
2025-06-19 10:03:58,928 - name_cleaner - INFO - Cleaning company names...
2025-06-19 10:07:58,030 - name_cleaner - INFO - cleaning of stock company names completed
2025-06-19 10:07:58,038 - name_cleaner - INFO - Cleaning patent applicant names...
2025-06-19 10:08:00,916 - name_cleaner - INFO - cleaning of patent applicant names completed
2025-06-19 10:08:00,936 - utils - INFO - Cleaning completed in 242.05 seconds
2025-06-19 10:08:00,936 - utils - INFO - Matching with sector awareness...
2025-06-19 10:08:00,987 - matcher - INFO - Creating blocking index for faster matching...
2025-06-19 10:08:07,356 - matcher - INFO -  matching progress: 50/1000 (5.0%)
2025-06-19 10:08:10,644 - matcher - INFO -  matching progress: 100/1000 (10.0%)
2025-06-19 10:08:13,917 - matcher - INFO -  matching progress: 150/1000 (15.0%)
2025-06-19 10:08:17,791 - matcher - INFO -  matching progress: 200/1000 (20.0%)
2025-06-19 10:08:21,517 - matcher - INFO -  matching progress: 250/1000 (25.0%)
2025-06-19 10:08:28,488 - matcher - INFO -  matching progress: 300/1000 (30.0%)
2025-06-19 10:08:34,013 - matcher - INFO -  matching progress: 350/1000 (35.0%)
2025-06-19 10:08:38,438 - matcher - INFO -  matching progress: 400/1000 (40.0%)
2025-06-19 10:08:42,536 - matcher - INFO -  matching progress: 450/1000 (45.0%)
2025-06-19 10:08:46,068 - matcher - INFO -  matching progress: 500/1000 (50.0%)
2025-06-19 10:08:49,407 - matcher - INFO -  matching progress: 550/1000 (55.0%)
2025-06-19 10:08:53,144 - matcher - INFO -  matching progress: 600/1000 (60.0%)
2025-06-19 10:08:56,869 - matcher - INFO -  matching progress: 650/1000 (65.0%)
2025-06-19 10:09:00,552 - matcher - INFO -  matching progress: 700/1000 (70.0%)
2025-06-19 10:09:03,972 - matcher - INFO -  matching progress: 750/1000 (75.0%)
2025-06-19 10:09:07,581 - matcher - INFO -  matching progress: 800/1000 (80.0%)
2025-06-19 10:09:11,203 - matcher - INFO -  matching progress: 850/1000 (85.0%)
2025-06-19 10:09:14,639 - matcher - INFO -  matching progress: 900/1000 (90.0%)
2025-06-19 10:09:18,719 - matcher - INFO -  matching progress: 950/1000 (95.0%)
2025-06-19 10:09:23,129 - matcher - INFO -  matching progress: 1000/1000 (100.0%)
2025-06-19 10:09:23,178 - utils - INFO - Matching completed in 82.24 seconds
2025-06-19 10:09:23,178 - utils - INFO - Found 443 matches. Saving detailed results...
2025-06-19 10:09:23,237 - utils - INFO - Process completed successfully
2025-06-19 11:28:43,492 - utils - INFO - Starting patent-stock company matching process
2025-06-19 11:28:43,494 - utils - INFO - Loading data...
2025-06-19 11:29:17,520 - data_loader - INFO - Loaded 96676 stock entries
2025-06-19 11:29:20,576 - data_loader - INFO - Loaded 556194 patent applicants
2025-06-19 11:29:20,578 - utils - INFO - Data loading completed in 37.08 seconds
2025-06-19 11:29:20,579 - utils - INFO - Sampled data: 96676 stock entries, 1000 patent applicants
2025-06-19 11:29:20,580 - utils - INFO - Cleaning company names...
2025-06-19 11:29:20,672 - name_cleaner - INFO - Cleaning company names...
2025-06-19 11:35:00,243 - utils - INFO - Starting patent-stock company matching process
2025-06-19 11:35:00,245 - utils - INFO - Loading data...
2025-06-19 11:35:25,191 - data_loader - INFO - Loaded 96676 stock entries
2025-06-19 11:35:27,018 - data_loader - INFO - Loaded 556194 patent applicants
2025-06-19 11:35:27,018 - utils - INFO - Data loading completed in 26.77 seconds
2025-06-19 11:35:27,019 - utils - INFO - Sampled data: 96676 stock entries, 1000 patent applicants
2025-06-19 11:35:27,020 - utils - INFO - Cleaning company names...
2025-06-19 11:35:27,063 - name_cleaner - INFO - Cleaning company names...
2025-06-19 11:40:02,083 - name_cleaner - INFO - cleaning of stock company names completed
2025-06-19 11:40:02,083 - name_cleaner - INFO - Cleaning patent applicant names...
2025-06-19 11:40:05,084 - name_cleaner - INFO - cleaning of patent applicant names completed
2025-06-19 11:40:05,111 - utils - INFO - Cleaning completed in 278.09 seconds
2025-06-19 11:40:05,111 - utils - INFO - Matching with sector awareness...
2025-06-19 11:40:05,150 - matcher - INFO - Creating blocking index for faster matching...
2025-06-19 11:40:11,865 - matcher - INFO -  matching progress: 50/1000 (5.0%)
2025-06-19 11:40:15,383 - matcher - INFO -  matching progress: 100/1000 (10.0%)
2025-06-19 11:40:19,175 - matcher - INFO -  matching progress: 150/1000 (15.0%)
2025-06-19 11:40:23,208 - matcher - INFO -  matching progress: 200/1000 (20.0%)
2025-06-19 11:40:27,046 - matcher - INFO -  matching progress: 250/1000 (25.0%)
2025-06-19 11:40:30,885 - matcher - INFO -  matching progress: 300/1000 (30.0%)
2025-06-19 11:40:34,530 - matcher - INFO -  matching progress: 350/1000 (35.0%)
2025-06-19 11:40:37,816 - matcher - INFO -  matching progress: 400/1000 (40.0%)
2025-06-19 11:40:41,580 - matcher - INFO -  matching progress: 450/1000 (45.0%)
2025-06-19 11:40:44,999 - matcher - INFO -  matching progress: 500/1000 (50.0%)
2025-06-19 11:40:48,575 - matcher - INFO -  matching progress: 550/1000 (55.0%)
2025-06-19 11:40:52,493 - matcher - INFO -  matching progress: 600/1000 (60.0%)
2025-06-19 11:40:57,533 - matcher - INFO -  matching progress: 650/1000 (65.0%)
2025-06-19 11:41:02,707 - matcher - INFO -  matching progress: 700/1000 (70.0%)
2025-06-19 11:41:06,681 - matcher - INFO -  matching progress: 750/1000 (75.0%)
2025-06-19 11:41:10,674 - matcher - INFO -  matching progress: 800/1000 (80.0%)
2025-06-19 11:41:13,740 - matcher - INFO -  matching progress: 850/1000 (85.0%)
2025-06-19 11:41:16,983 - matcher - INFO -  matching progress: 900/1000 (90.0%)
2025-06-19 11:41:20,633 - matcher - INFO -  matching progress: 950/1000 (95.0%)
2025-06-19 11:41:25,148 - matcher - INFO -  matching progress: 1000/1000 (100.0%)
2025-06-19 11:41:25,201 - utils - INFO - Matching completed in 80.09 seconds
2025-06-19 11:41:25,201 - utils - INFO - Found 378 matches. Saving detailed results...
2025-06-19 11:41:25,245 - utils - INFO - Process completed successfully
2025-06-19 11:43:45,535 - utils - INFO - Starting patent-stock company matching process
2025-06-19 11:43:45,535 - utils - INFO - Loading data...
2025-06-19 11:44:04,168 - data_loader - INFO - Loaded 96676 stock entries
2025-06-19 11:44:05,302 - data_loader - INFO - Loaded 556194 patent applicants
2025-06-19 11:44:05,316 - utils - INFO - Data loading completed in 19.77 seconds
2025-06-19 11:44:05,317 - utils - INFO - Sampled data: 96676 stock entries, 1000 patent applicants
2025-06-19 11:44:05,317 - utils - INFO - Cleaning company names...
2025-06-19 11:44:05,353 - name_cleaner - INFO - Cleaning company names...
2025-06-19 12:34:44,221 - utils - INFO - Starting patent-stock company matching process
2025-06-19 12:34:44,223 - utils - INFO - Loading data...
2025-06-19 12:35:13,641 - data_loader - INFO - Loaded 96676 stock entries
2025-06-19 12:35:16,278 - data_loader - INFO - Loaded 556194 patent applicants
2025-06-19 12:35:16,278 - utils - INFO - Data loading completed in 32.05 seconds
2025-06-19 12:35:16,278 - utils - INFO - Sampled data: 96676 stock entries, 1000 patent applicants
2025-06-19 12:35:16,278 - utils - INFO - Cleaning company names...
2025-06-19 12:35:16,328 - name_cleaner - INFO - Cleaning company names...
2025-06-19 12:51:29,443 - utils - INFO - Starting patent-stock company matching process
2025-06-19 12:51:29,448 - utils - INFO - Loading data...
2025-06-19 12:52:56,263 - data_loader - INFO - Loaded 96676 stock entries
2025-06-19 12:53:00,871 - data_loader - INFO - Loaded 556194 patent applicants
2025-06-19 12:53:00,873 - utils - INFO - Data loading completed in 91.42 seconds
2025-06-19 12:53:00,873 - utils - INFO - Sampled data: 96676 stock entries, 1000 patent applicants
2025-06-19 12:53:00,874 - utils - INFO - Cleaning company names...
2025-06-19 12:53:01,021 - name_cleaner - INFO - Cleaning company names...
2025-06-19 13:02:41,389 - name_cleaner - INFO - cleaning of stock company names completed
2025-06-19 13:02:41,404 - name_cleaner - INFO - Cleaning patent applicant names...
2025-06-19 13:02:45,448 - name_cleaner - INFO - cleaning of patent applicant names completed
2025-06-19 13:02:45,470 - utils - INFO - Cleaning completed in 584.60 seconds
2025-06-19 13:02:45,471 - utils - INFO - Matching with sector awareness...
2025-06-19 13:02:45,541 - matcher - INFO - Creating blocking index for faster matching...
2025-06-19 13:02:55,202 - matcher - INFO - Matching progress: 50/1000 (5.0%)
2025-06-19 13:03:00,068 - matcher - INFO - Matching progress: 100/1000 (10.0%)
2025-06-19 13:03:05,164 - matcher - INFO - Matching progress: 150/1000 (15.0%)
2025-06-19 13:03:11,306 - matcher - INFO - Matching progress: 200/1000 (20.0%)
2025-06-19 13:03:17,229 - matcher - INFO - Matching progress: 250/1000 (25.0%)
2025-06-19 13:03:22,716 - matcher - INFO - Matching progress: 300/1000 (30.0%)
2025-06-19 13:03:27,468 - matcher - INFO - Matching progress: 350/1000 (35.0%)
2025-06-19 13:03:32,172 - matcher - INFO - Matching progress: 400/1000 (40.0%)
2025-06-19 13:03:36,876 - matcher - INFO - Matching progress: 450/1000 (45.0%)
2025-06-19 13:03:40,924 - matcher - INFO - Matching progress: 500/1000 (50.0%)
2025-06-19 13:03:45,028 - matcher - INFO - Matching progress: 550/1000 (55.0%)
2025-06-19 13:03:51,172 - matcher - INFO - Matching progress: 600/1000 (60.0%)
2025-06-19 13:03:57,444 - matcher - INFO - Matching progress: 650/1000 (65.0%)
2025-06-19 13:04:03,481 - matcher - INFO - Matching progress: 700/1000 (70.0%)
2025-06-19 13:04:08,718 - matcher - INFO - Matching progress: 750/1000 (75.0%)
2025-06-19 13:04:14,425 - matcher - INFO - Matching progress: 800/1000 (80.0%)
2025-06-19 13:04:19,587 - matcher - INFO - Matching progress: 850/1000 (85.0%)
2025-06-19 13:04:25,133 - matcher - INFO - Matching progress: 900/1000 (90.0%)
2025-06-19 13:04:31,273 - matcher - INFO - Matching progress: 950/1000 (95.0%)
2025-06-19 13:04:37,543 - matcher - INFO - Matching progress: 1000/1000 (100.0%)
2025-06-19 13:04:37,612 - utils - INFO - Matching completed in 112.14 seconds
2025-06-19 13:04:37,612 - utils - INFO - Found 324 matches. Saving detailed results...
2025-06-19 13:04:37,684 - utils - INFO - Process completed successfully
